Сборка начата 04.11.2024 13:38:59.
Уровень детализации журнала: Normal.     1>Проект "C:\Users\Влад\Desktop\Лемешевский_ОС_ИСиТ_3_2\Lab_06\Lab06\Lab06\Lab06.vcxproj" в узле 2 (целевые объекты Build).
     1>PrepareForBuild:
         Структурированный вывод включен. Форматирование диагностики компилятора будет отражать иерархию ошибок. Подробнее см. https://aka.ms/cpp/structured-output.
       InitializeBuildStatus:
         Обращение к "x64\Debug\Lab06.tlog\unsuccessfulbuild".
       ClCompile:
         C:\Program Files\Microsoft Visual Studio\2022\Community\VC\Tools\MSVC\14.39.33519\bin\HostX64\x64\CL.exe /c /ZI /JMC /nologo /W3 /WX- /diagnostics:column /sdl /Od /D _DEBUG /D _CONSOLE /D _UNICODE /D UNICODE /Gm- /EHsc /RTC1 /MDd /GS /fp:precise /Zc:wchar_t /Zc:forScope /Zc:inline /permissive- /Fo"x64\Debug\\" /Fd"x64\Debug\vc143.pdb" /external:W3 /Gd /TP /FC /errorReport:prompt Lab06.cpp
         Lab06.cpp
     1>C:\Users\Влад\Desktop\Лемешевский_ОС_ИСиТ_3_2\Lab_06\Lab06\Lab06\Lab06.cpp(22,2): error C4235: использовано нестандартное расширение: ключевое слово "__asm" данной архитектурой не поддерживается
     1>C:\Users\Влад\Desktop\Лемешевский_ОС_ИСиТ_3_2\Lab_06\Lab06\Lab06\Lab06.cpp(25,3): error C2065: lock: необъявленный идентификатор
     1>C:\Users\Влад\Desktop\Лемешевский_ОС_ИСиТ_3_2\Lab_06\Lab06\Lab06\Lab06.cpp(25,8): error C2146: синтаксическая ошибка: отсутствие ";" перед идентификатором "bts"
     1>C:\Users\Влад\Desktop\Лемешевский_ОС_ИСиТ_3_2\Lab_06\Lab06\Lab06\Lab06.cpp(25,8): error C2065: bts: необъявленный идентификатор
     1>C:\Users\Влад\Desktop\Лемешевский_ОС_ИСиТ_3_2\Lab_06\Lab06\Lab06\Lab06.cpp(25,12): error C2146: синтаксическая ошибка: отсутствие ";" перед идентификатором "check"
     1>C:\Users\Влад\Desktop\Лемешевский_ОС_ИСиТ_3_2\Lab_06\Lab06\Lab06\Lab06.cpp(26,3): error C2065: jc: необъявленный идентификатор
     1>C:\Users\Влад\Desktop\Лемешевский_ОС_ИСиТ_3_2\Lab_06\Lab06\Lab06\Lab06.cpp(26,6): error C2146: синтаксическая ошибка: отсутствие ";" перед идентификатором "CriticalSection"
     1>C:\Users\Влад\Desktop\Лемешевский_ОС_ИСиТ_3_2\Lab_06\Lab06\Lab06\Lab06.cpp(26,6): error C2065: CriticalSection: необъявленный идентификатор
     1>C:\Users\Влад\Desktop\Лемешевский_ОС_ИСиТ_3_2\Lab_06\Lab06\Lab06\Lab06.cpp(27,2): error C2143: синтаксическая ошибка: отсутствие ";" перед "}"
     1>C:\Users\Влад\Desktop\Лемешевский_ОС_ИСиТ_3_2\Lab_06\Lab06\Lab06\Lab06.cpp(33,2): error C4235: использовано нестандартное расширение: ключевое слово "__asm" данной архитектурой не поддерживается
     1>C:\Users\Влад\Desktop\Лемешевский_ОС_ИСиТ_3_2\Lab_06\Lab06\Lab06\Lab06.cpp(33,7): error C2065: lock: необъявленный идентификатор
     1>C:\Users\Влад\Desktop\Лемешевский_ОС_ИСиТ_3_2\Lab_06\Lab06\Lab06\Lab06.cpp(33,12): error C2146: синтаксическая ошибка: отсутствие ";" перед идентификатором "btr"
     1>C:\Users\Влад\Desktop\Лемешевский_ОС_ИСиТ_3_2\Lab_06\Lab06\Lab06\Lab06.cpp(33,12): error C2065: btr: необъявленный идентификатор
     1>C:\Users\Влад\Desktop\Лемешевский_ОС_ИСиТ_3_2\Lab_06\Lab06\Lab06\Lab06.cpp(33,16): error C2146: синтаксическая ошибка: отсутствие ";" перед идентификатором "check"
     1>C:\Users\Влад\Desktop\Лемешевский_ОС_ИСиТ_3_2\Lab_06\Lab06\Lab06\Lab06.cpp(34,1): error C2143: синтаксическая ошибка: отсутствие ";" перед "}"
     1>Сборка проекта "C:\Users\Влад\Desktop\Лемешевский_ОС_ИСиТ_3_2\Lab_06\Lab06\Lab06\Lab06.vcxproj" завершена (целевые объекты Build) с ошибкой.

Ошибка сборки.

       "C:\Users\Влад\Desktop\Лемешевский_ОС_ИСиТ_3_2\Lab_06\Lab06\Lab06\Lab06.vcxproj" (целевой объект Build ) (1) ->
       (Целевой объект ClCompile) -> 
         C:\Users\Влад\Desktop\Лемешевский_ОС_ИСиТ_3_2\Lab_06\Lab06\Lab06\Lab06.cpp(22,2): error C4235: использовано нестандартное расширение: ключевое слово "__asm" данной архитектурой не поддерживается
         C:\Users\Влад\Desktop\Лемешевский_ОС_ИСиТ_3_2\Lab_06\Lab06\Lab06\Lab06.cpp(25,3): error C2065: lock: необъявленный идентификатор
         C:\Users\Влад\Desktop\Лемешевский_ОС_ИСиТ_3_2\Lab_06\Lab06\Lab06\Lab06.cpp(25,8): error C2146: синтаксическая ошибка: отсутствие ";" перед идентификатором "bts"
         C:\Users\Влад\Desktop\Лемешевский_ОС_ИСиТ_3_2\Lab_06\Lab06\Lab06\Lab06.cpp(25,8): error C2065: bts: необъявленный идентификатор
         C:\Users\Влад\Desktop\Лемешевский_ОС_ИСиТ_3_2\Lab_06\Lab06\Lab06\Lab06.cpp(25,12): error C2146: синтаксическая ошибка: отсутствие ";" перед идентификатором "check"
         C:\Users\Влад\Desktop\Лемешевский_ОС_ИСиТ_3_2\Lab_06\Lab06\Lab06\Lab06.cpp(26,3): error C2065: jc: необъявленный идентификатор
         C:\Users\Влад\Desktop\Лемешевский_ОС_ИСиТ_3_2\Lab_06\Lab06\Lab06\Lab06.cpp(26,6): error C2146: синтаксическая ошибка: отсутствие ";" перед идентификатором "CriticalSection"
         C:\Users\Влад\Desktop\Лемешевский_ОС_ИСиТ_3_2\Lab_06\Lab06\Lab06\Lab06.cpp(26,6): error C2065: CriticalSection: необъявленный идентификатор
         C:\Users\Влад\Desktop\Лемешевский_ОС_ИСиТ_3_2\Lab_06\Lab06\Lab06\Lab06.cpp(27,2): error C2143: синтаксическая ошибка: отсутствие ";" перед "}"
         C:\Users\Влад\Desktop\Лемешевский_ОС_ИСиТ_3_2\Lab_06\Lab06\Lab06\Lab06.cpp(33,2): error C4235: использовано нестандартное расширение: ключевое слово "__asm" данной архитектурой не поддерживается
         C:\Users\Влад\Desktop\Лемешевский_ОС_ИСиТ_3_2\Lab_06\Lab06\Lab06\Lab06.cpp(33,7): error C2065: lock: необъявленный идентификатор
         C:\Users\Влад\Desktop\Лемешевский_ОС_ИСиТ_3_2\Lab_06\Lab06\Lab06\Lab06.cpp(33,12): error C2146: синтаксическая ошибка: отсутствие ";" перед идентификатором "btr"
         C:\Users\Влад\Desktop\Лемешевский_ОС_ИСиТ_3_2\Lab_06\Lab06\Lab06\Lab06.cpp(33,12): error C2065: btr: необъявленный идентификатор
         C:\Users\Влад\Desktop\Лемешевский_ОС_ИСиТ_3_2\Lab_06\Lab06\Lab06\Lab06.cpp(33,16): error C2146: синтаксическая ошибка: отсутствие ";" перед идентификатором "check"
         C:\Users\Влад\Desktop\Лемешевский_ОС_ИСиТ_3_2\Lab_06\Lab06\Lab06\Lab06.cpp(34,1): error C2143: синтаксическая ошибка: отсутствие ";" перед "}"

    Предупреждений: 0
    Ошибок: 15

Прошло времени 00:00:01.54
