Сборка начата 25.11.2024 18:28:45.
Уровень детализации журнала: Normal.     1>Проект "C:\Users\Влад\Desktop\Лемешевский_ОС_ИСиТ_3_2\Lab_09\OS09_04\OS09_04.vcxproj" в узле 2 (целевые объекты Build).
     1>PrepareForBuild:
         Структурированный вывод включен. Форматирование диагностики компилятора будет отражать иерархию ошибок. Подробнее см. https://aka.ms/cpp/structured-output.
       InitializeBuildStatus:
         Создание "x64\Debug\OS09_04.tlog\unsuccessfulbuild", так как было задано "AlwaysCreate".
         Обращение к "x64\Debug\OS09_04.tlog\unsuccessfulbuild".
       ClCompile:
         C:\Program Files\Microsoft Visual Studio\2022\Community\VC\Tools\MSVC\14.39.33519\bin\HostX64\x64\CL.exe /c /ZI /JMC /nologo /W3 /WX- /diagnostics:column /sdl /Od /D _DEBUG /D _CONSOLE /D _UNICODE /D UNICODE /Gm- /EHsc /RTC1 /MDd /GS /fp:precise /Zc:wchar_t /Zc:forScope /Zc:inline /permissive- /Fo"x64\Debug\\" /Fd"x64\Debug\vc143.pdb" /external:W3 /Gd /TP /FC /errorReport:prompt OS09_04.cpp
         OS09_04.cpp
     1>C:\Users\Влад\Desktop\Лемешевский_ОС_ИСиТ_3_2\Lab_09\OS09_04\OS09_04.cpp(63,55): warning C4244: аргумент: преобразование "LONGLONG" в "DWORD", возможна потеря данных
     1>C:\Users\Влад\Desktop\Лемешевский_ОС_ИСиТ_3_2\Lab_09\OS09_04\OS09_04.cpp(78,25): warning C4018: >: несоответствие типов со знаком и без знака
       Link:
         C:\Program Files\Microsoft Visual Studio\2022\Community\VC\Tools\MSVC\14.39.33519\bin\HostX64\x64\link.exe /ERRORREPORT:PROMPT /OUT:"C:\Users\Влад\Desktop\Лемешевский_ОС_ИСиТ_3_2\Lab_09\x64\Debug\OS09_04.exe" /INCREMENTAL /ILK:"x64\Debug\OS09_04.ilk" /NOLOGO kernel32.lib user32.lib gdi32.lib winspool.lib comdlg32.lib advapi32.lib shell32.lib ole32.lib oleaut32.lib uuid.lib odbc32.lib odbccp32.lib /MANIFEST /MANIFESTUAC:"level='asInvoker' uiAccess='false'" /manifest:embed /DEBUG /PDB:"C:\Users\Влад\Desktop\Лемешевский_ОС_ИСиТ_3_2\Lab_09\x64\Debug\OS09_04.pdb" /SUBSYSTEM:CONSOLE /TLBID:1 /DYNAMICBASE /NXCOMPAT /IMPLIB:"C:\Users\Влад\Desktop\Лемешевский_ОС_ИСиТ_3_2\Lab_09\x64\Debug\OS09_04.lib" /MACHINE:X64 x64\Debug\OS09_04.obj
         OS09_04.vcxproj -> C:\Users\Влад\Desktop\Лемешевский_ОС_ИСиТ_3_2\Lab_09\x64\Debug\OS09_04.exe
       FinalizeBuildStatus:
         Файл "x64\Debug\OS09_04.tlog\unsuccessfulbuild" удаляется.
         Обращение к "x64\Debug\OS09_04.tlog\OS09_04.lastbuildstate".
     1>Сборка проекта "C:\Users\Влад\Desktop\Лемешевский_ОС_ИСиТ_3_2\Lab_09\OS09_04\OS09_04.vcxproj" завершена (целевые объекты Build).

Сборка успешно завершена.

       "C:\Users\Влад\Desktop\Лемешевский_ОС_ИСиТ_3_2\Lab_09\OS09_04\OS09_04.vcxproj" (целевой объект Build ) (1) ->
       (Целевой объект ClCompile) -> 
         C:\Users\Влад\Desktop\Лемешевский_ОС_ИСиТ_3_2\Lab_09\OS09_04\OS09_04.cpp(63,55): warning C4244: аргумент: преобразование "LONGLONG" в "DWORD", возможна потеря данных
         C:\Users\Влад\Desktop\Лемешевский_ОС_ИСиТ_3_2\Lab_09\OS09_04\OS09_04.cpp(78,25): warning C4018: >: несоответствие типов со знаком и без знака

    Предупреждений: 2
    Ошибок: 0

Прошло времени 00:00:00.98
