Сборка начата 05.11.2024 1:07:57.
Уровень детализации журнала: Normal.     1>Проект "C:\Users\Влад\Desktop\Лемешевский_ОС_ИСиТ_3_2\Lab_06\Lab06\OS06_02\OS06_02.vcxproj" в узле 2 (целевые объекты Build).
     1>PrepareForBuild:
         Структурированный вывод включен. Форматирование диагностики компилятора будет отражать иерархию ошибок. Подробнее см. https://aka.ms/cpp/structured-output.
       InitializeBuildStatus:
         Создание "Debug\OS06_02.tlog\unsuccessfulbuild", так как было задано "AlwaysCreate".
         Обращение к "Debug\OS06_02.tlog\unsuccessfulbuild".
       ClCompile:
         C:\Program Files\Microsoft Visual Studio\2022\Community\VC\Tools\MSVC\14.39.33519\bin\HostX86\x86\CL.exe /c /ZI /JMC /nologo /W3 /WX- /diagnostics:column /sdl /Od /Oy- /D WIN32 /D _DEBUG /D _CONSOLE /D _UNICODE /D UNICODE /Gm- /EHsc /RTC1 /MDd /GS /fp:precise /Zc:wchar_t /Zc:forScope /Zc:inline /permissive- /Fo"Debug\\" /Fd"Debug\vc143.pdb" /external:W3 /Gd /TP /analyze- /FC /errorReport:prompt OS06_02.cpp
         OS06_02.cpp
       Link:
         C:\Program Files\Microsoft Visual Studio\2022\Community\VC\Tools\MSVC\14.39.33519\bin\HostX86\x86\link.exe /ERRORREPORT:PROMPT /OUT:"C:\Users\Влад\Desktop\Лемешевский_ОС_ИСиТ_3_2\Lab_06\Lab06\Debug\OS06_02.exe" /INCREMENTAL /ILK:"Debug\OS06_02.ilk" /NOLOGO kernel32.lib user32.lib gdi32.lib winspool.lib comdlg32.lib advapi32.lib shell32.lib ole32.lib oleaut32.lib uuid.lib odbc32.lib odbccp32.lib /MANIFEST /MANIFESTUAC:"level='asInvoker' uiAccess='false'" /manifest:embed /DEBUG /PDB:"C:\Users\Влад\Desktop\Лемешевский_ОС_ИСиТ_3_2\Lab_06\Lab06\Debug\OS06_02.pdb" /SUBSYSTEM:CONSOLE /TLBID:1 /DYNAMICBASE /NXCOMPAT /IMPLIB:"C:\Users\Влад\Desktop\Лемешевский_ОС_ИСиТ_3_2\Lab_06\Lab06\Debug\OS06_02.lib" /MACHINE:X86 Debug\OS06_02.obj
         OS06_02.vcxproj -> C:\Users\Влад\Desktop\Лемешевский_ОС_ИСиТ_3_2\Lab_06\Lab06\Debug\OS06_02.exe
       FinalizeBuildStatus:
         Файл "Debug\OS06_02.tlog\unsuccessfulbuild" удаляется.
         Обращение к "Debug\OS06_02.tlog\OS06_02.lastbuildstate".
     1>Сборка проекта "C:\Users\Влад\Desktop\Лемешевский_ОС_ИСиТ_3_2\Lab_06\Lab06\OS06_02\OS06_02.vcxproj" завершена (целевые объекты Build).

Сборка успешно завершена.
    Предупреждений: 0
    Ошибок: 0

Прошло времени 00:00:01.02
