Сборка начата 04.11.2024 20:25:51.
Уровень детализации журнала: Normal.     1>Проект "C:\Users\Влад\Desktop\Лемешевский_ОС_ИСиТ_3_2\Lab_06\Lab06\OS06_04B\OS06_04B.vcxproj" в узле 2 (целевые объекты Build).
     1>PrepareForBuild:
         Структурированный вывод включен. Форматирование диагностики компилятора будет отражать иерархию ошибок. Подробнее см. https://aka.ms/cpp/structured-output.
         Создание каталога "x64\Debug\OS06_04B.tlog\".
       InitializeBuildStatus:
         Создание "x64\Debug\OS06_04B.tlog\unsuccessfulbuild", так как было задано "AlwaysCreate".
         Обращение к "x64\Debug\OS06_04B.tlog\unsuccessfulbuild".
       ClCompile:
         C:\Program Files\Microsoft Visual Studio\2022\Community\VC\Tools\MSVC\14.39.33519\bin\HostX64\x64\CL.exe /c /ZI /JMC /nologo /W3 /WX- /diagnostics:column /sdl /Od /D _DEBUG /D _CONSOLE /D _UNICODE /D UNICODE /Gm- /EHsc /RTC1 /MDd /GS /fp:precise /Zc:wchar_t /Zc:forScope /Zc:inline /permissive- /Fo"x64\Debug\\" /Fd"x64\Debug\vc143.pdb" /external:W3 /Gd /TP /FC /errorReport:prompt OS06_04B.cpp
         OS06_04B.cpp
       Link:
         C:\Program Files\Microsoft Visual Studio\2022\Community\VC\Tools\MSVC\14.39.33519\bin\HostX64\x64\link.exe /ERRORREPORT:PROMPT /OUT:"C:\Users\Влад\Desktop\Лемешевский_ОС_ИСиТ_3_2\Lab_06\Lab06\x64\Debug\OS06_04B.exe" /INCREMENTAL /ILK:"x64\Debug\OS06_04B.ilk" /NOLOGO kernel32.lib user32.lib gdi32.lib winspool.lib comdlg32.lib advapi32.lib shell32.lib ole32.lib oleaut32.lib uuid.lib odbc32.lib odbccp32.lib /MANIFEST /MANIFESTUAC:"level='asInvoker' uiAccess='false'" /manifest:embed /DEBUG /PDB:"C:\Users\Влад\Desktop\Лемешевский_ОС_ИСиТ_3_2\Lab_06\Lab06\x64\Debug\OS06_04B.pdb" /SUBSYSTEM:CONSOLE /TLBID:1 /DYNAMICBASE /NXCOMPAT /IMPLIB:"C:\Users\Влад\Desktop\Лемешевский_ОС_ИСиТ_3_2\Lab_06\Lab06\x64\Debug\OS06_04B.lib" /MACHINE:X64 x64\Debug\OS06_04B.obj
         OS06_04B.vcxproj -> C:\Users\Влад\Desktop\Лемешевский_ОС_ИСиТ_3_2\Lab_06\Lab06\x64\Debug\OS06_04B.exe
       FinalizeBuildStatus:
         Файл "x64\Debug\OS06_04B.tlog\unsuccessfulbuild" удаляется.
         Обращение к "x64\Debug\OS06_04B.tlog\OS06_04B.lastbuildstate".
     1>Сборка проекта "C:\Users\Влад\Desktop\Лемешевский_ОС_ИСиТ_3_2\Lab_06\Lab06\OS06_04B\OS06_04B.vcxproj" завершена (целевые объекты Build).

Сборка успешно завершена.
    Предупреждений: 0
    Ошибок: 0

Прошло времени 00:00:00.96
